This file contains any messages produced by compilers while
running configure, to aid debugging if configure makes a mistake.

It was created by fuse configure 2.9.3, which was
generated by GNU Autoconf 2.68.  Invocation command line was

  $ ./configure --no-create --no-recursion

## --------- ##
## Platform. ##
## --------- ##

hostname = anacronja
uname -m = x86_64
uname -r = 3.11.0-26-generic
uname -s = Linux
uname -v = #45~precise1-Ubuntu SMP Tue Jul 15 04:02:35 UTC 2014

/usr/bin/uname -p = unknown
/bin/uname -X     = unknown

/bin/arch              = unknown
/usr/bin/arch -k       = unknown
/usr/convex/getsysinfo = unknown
/usr/bin/hostinfo      = unknown
/bin/machine           = unknown
/usr/bin/oslevel       = unknown
/bin/universe          = unknown

PATH: /home/ksaur/.opam/4.00.1/bin
PATH: /usr/lib/lightdm/lightdm
PATH: /usr/local/sbin
PATH: /usr/local/bin
PATH: /usr/sbin
PATH: /usr/bin
PATH: /sbin
PATH: /bin
PATH: /usr/games


## ----------- ##
## Core tests. ##
## ----------- ##

configure:2221: checking build system type
configure:2235: result: x86_64-unknown-linux-gnu
configure:2255: checking host system type
configure:2268: result: x86_64-unknown-linux-gnu
configure:2288: checking target system type
configure:2301: result: x86_64-unknown-linux-gnu
configure:2343: checking for a BSD-compatible install
configure:2411: result: /usr/bin/install -c
configure:2422: checking whether build environment is sane
configure:2472: result: yes
configure:2613: checking for a thread-safe mkdir -p
configure:2652: result: /bin/mkdir -p
configure:2665: checking for gawk
configure:2681: found /usr/bin/gawk
configure:2692: result: gawk
configure:2703: checking whether make sets $(MAKE)
configure:2725: result: yes
configure:2816: checking whether make supports nested variables
configure:2833: result: yes
configure:2893: checking how to print strings
configure:2920: result: printf
configure:2953: checking for style of include used by make
configure:2981: result: GNU
configure:3052: checking for gcc
configure:3068: found /usr/bin/gcc
configure:3079: result: gcc
configure:3308: checking for C compiler version
configure:3317: gcc --version >&5
gcc (Ubuntu/Linaro 4.6.3-1ubuntu5) 4.6.3
Copyright (C) 2011 Free Software Foundation, Inc.
This is free software; see the source for copying conditions.  There is NO
warranty; not even for MERCHANTABILITY or FITNESS FOR A PARTICULAR PURPOSE.

configure:3328: $? = 0
configure:3317: gcc -v >&5
Using built-in specs.
COLLECT_GCC=gcc
COLLECT_LTO_WRAPPER=/usr/lib/gcc/x86_64-linux-gnu/4.6/lto-wrapper
Target: x86_64-linux-gnu
Configured with: ../src/configure -v --with-pkgversion='Ubuntu/Linaro 4.6.3-1ubuntu5' --with-bugurl=file:///usr/share/doc/gcc-4.6/README.Bugs --enable-languages=c,c++,fortran,objc,obj-c++ --prefix=/usr --program-suffix=-4.6 --enable-shared --enable-linker-build-id --with-system-zlib --libexecdir=/usr/lib --without-included-gettext --enable-threads=posix --with-gxx-include-dir=/usr/include/c++/4.6 --libdir=/usr/lib --enable-nls --with-sysroot=/ --enable-clocale=gnu --enable-libstdcxx-debug --enable-libstdcxx-time=yes --enable-gnu-unique-object --enable-plugin --enable-objc-gc --disable-werror --with-arch-32=i686 --with-tune=generic --enable-checking=release --build=x86_64-linux-gnu --host=x86_64-linux-gnu --target=x86_64-linux-gnu
Thread model: posix
gcc version 4.6.3 (Ubuntu/Linaro 4.6.3-1ubuntu5) 
configure:3328: $? = 0
configure:3317: gcc -V >&5
gcc: error: unrecognized option '-V'
gcc: fatal error: no input files
compilation terminated.
configure:3328: $? = 4
configure:3317: gcc -qversion >&5
gcc: error: unrecognized option '-qversion'
gcc: fatal error: no input files
compilation terminated.
configure:3328: $? = 4
configure:3348: checking whether the C compiler works
configure:3370: gcc    conftest.c  >&5
configure:3374: $? = 0
configure:3422: result: yes
configure:3425: checking for C compiler default output file name
configure:3427: result: a.out
configure:3433: checking for suffix of executables
configure:3440: gcc -o conftest    conftest.c  >&5
configure:3444: $? = 0
configure:3466: result: 
configure:3488: checking whether we are cross compiling
configure:3496: gcc -o conftest    conftest.c  >&5
configure:3500: $? = 0
configure:3507: ./conftest
configure:3511: $? = 0
configure:3526: result: no
configure:3531: checking for suffix of object files
configure:3553: gcc -c   conftest.c >&5
configure:3557: $? = 0
configure:3578: result: o
configure:3582: checking whether we are using the GNU C compiler
configure:3601: gcc -c   conftest.c >&5
configure:3601: $? = 0
configure:3610: result: yes
configure:3619: checking whether gcc accepts -g
configure:3639: gcc -c -g  conftest.c >&5
configure:3639: $? = 0
configure:3680: result: yes
configure:3697: checking for gcc option to accept ISO C89
configure:3761: gcc  -c -g -O2  conftest.c >&5
configure:3761: $? = 0
configure:3774: result: none needed
configure:3796: checking dependency style of gcc
configure:3907: result: gcc3
configure:3922: checking for a sed that does not truncate output
configure:3986: result: /bin/sed
configure:4004: checking for grep that handles long lines and -e
configure:4062: result: /bin/grep
configure:4067: checking for egrep
configure:4129: result: /bin/grep -E
configure:4134: checking for fgrep
configure:4196: result: /bin/grep -F
configure:4231: checking for ld used by gcc
configure:4298: result: /usr/bin/ld
configure:4305: checking if the linker (/usr/bin/ld) is GNU ld
configure:4320: result: yes
configure:4332: checking for BSD- or MS-compatible name lister (nm)
configure:4381: result: /usr/bin/nm -B
configure:4511: checking the name lister (/usr/bin/nm -B) interface
configure:4518: gcc -c -g -O2  conftest.c >&5
configure:4521: /usr/bin/nm -B "conftest.o"
configure:4524: output
0000000000000000 B some_variable
configure:4531: result: BSD nm
configure:4534: checking whether ln -s works
configure:4538: result: yes
configure:4546: checking the maximum length of command line arguments
configure:4676: result: 3458764513820540925
configure:4693: checking whether the shell understands some XSI constructs
configure:4703: result: yes
configure:4707: checking whether the shell understands "+="
configure:4713: result: yes
configure:4748: checking how to convert x86_64-unknown-linux-gnu file names to x86_64-unknown-linux-gnu format
configure:4788: result: func_convert_file_noop
configure:4795: checking how to convert x86_64-unknown-linux-gnu file names to toolchain format
configure:4815: result: func_convert_file_noop
configure:4822: checking for /usr/bin/ld option to reload object files
configure:4829: result: -r
configure:4903: checking for objdump
configure:4919: found /usr/bin/objdump
configure:4930: result: objdump
configure:4962: checking how to recognize dependent libraries
configure:5164: result: pass_all
configure:5249: checking for dlltool
configure:5279: result: no
configure:5309: checking how to associate runtime and link libraries
configure:5336: result: printf %s\n
configure:5397: checking for ar
configure:5413: found /usr/bin/ar
configure:5424: result: ar
configure:5461: checking for archiver @FILE support
configure:5478: gcc -c -g -O2  conftest.c >&5
configure:5478: $? = 0
configure:5481: ar cru libconftest.a @conftest.lst >&5
configure:5484: $? = 0
configure:5489: ar cru libconftest.a @conftest.lst >&5
ar: conftest.o: No such file or directory
configure:5492: $? = 1
configure:5504: result: @
configure:5562: checking for strip
configure:5578: found /usr/bin/strip
configure:5589: result: strip
configure:5661: checking for ranlib
configure:5677: found /usr/bin/ranlib
configure:5688: result: ranlib
configure:5790: checking command to parse /usr/bin/nm -B output from gcc object
configure:5910: gcc -c -g -O2  conftest.c >&5
configure:5913: $? = 0
configure:5917: /usr/bin/nm -B conftest.o \| sed -n -e 's/^.*[ ]\([ABCDGIRSTW][ABCDGIRSTW]*\)[ ][ ]*\([_A-Za-z][_A-Za-z0-9]*\)$/\1 \2 \2/p' | sed '/ __gnu_lto/d' \> conftest.nm
configure:5920: $? = 0
configure:5986: gcc -o conftest -g -O2   conftest.c conftstm.o >&5
configure:5989: $? = 0
configure:6027: result: ok
configure:6064: checking for sysroot
configure:6094: result: no
configure:6171: gcc -c -g -O2  conftest.c >&5
configure:6174: $? = 0
configure:6350: checking for mt
configure:6366: found /bin/mt
configure:6377: result: mt
configure:6400: checking if mt is a manifest tool
configure:6406: mt '-?'
configure:6414: result: no
configure:7056: checking how to run the C preprocessor
configure:7087: gcc -E  conftest.c
configure:7087: $? = 0
configure:7101: gcc -E  conftest.c
conftest.c:11:28: fatal error: ac_nonexistent.h: No such file or directory
compilation terminated.
configure:7101: $? = 1
configure: failed program was:
| /* confdefs.h */
| #define PACKAGE_NAME "fuse"
| #define PACKAGE_TARNAME "fuse"
| #define PACKAGE_VERSION "2.9.3"
| #define PACKAGE_STRING "fuse 2.9.3"
| #define PACKAGE_BUGREPORT ""
| #define PACKAGE_URL ""
| #define PACKAGE "fuse"
| #define VERSION "2.9.3"
| /* end confdefs.h.  */
| #include <ac_nonexistent.h>
configure:7126: result: gcc -E
configure:7146: gcc -E  conftest.c
configure:7146: $? = 0
configure:7160: gcc -E  conftest.c
conftest.c:11:28: fatal error: ac_nonexistent.h: No such file or directory
compilation terminated.
configure:7160: $? = 1
configure: failed program was:
| /* confdefs.h */
| #define PACKAGE_NAME "fuse"
| #define PACKAGE_TARNAME "fuse"
| #define PACKAGE_VERSION "2.9.3"
| #define PACKAGE_STRING "fuse 2.9.3"
| #define PACKAGE_BUGREPORT ""
| #define PACKAGE_URL ""
| #define PACKAGE "fuse"
| #define VERSION "2.9.3"
| /* end confdefs.h.  */
| #include <ac_nonexistent.h>
configure:7189: checking for ANSI C header files
configure:7209: gcc -c -g -O2  conftest.c >&5
configure:7209: $? = 0
configure:7282: gcc -o conftest -g -O2   conftest.c  >&5
configure:7282: $? = 0
configure:7282: ./conftest
configure:7282: $? = 0
configure:7293: result: yes
configure:7306: checking for sys/types.h
configure:7306: gcc -c -g -O2  conftest.c >&5
configure:7306: $? = 0
configure:7306: result: yes
configure:7306: checking for sys/stat.h
configure:7306: gcc -c -g -O2  conftest.c >&5
configure:7306: $? = 0
configure:7306: result: yes
configure:7306: checking for stdlib.h
configure:7306: gcc -c -g -O2  conftest.c >&5
configure:7306: $? = 0
configure:7306: result: yes
configure:7306: checking for string.h
configure:7306: gcc -c -g -O2  conftest.c >&5
configure:7306: $? = 0
configure:7306: result: yes
configure:7306: checking for memory.h
configure:7306: gcc -c -g -O2  conftest.c >&5
configure:7306: $? = 0
configure:7306: result: yes
configure:7306: checking for strings.h
configure:7306: gcc -c -g -O2  conftest.c >&5
configure:7306: $? = 0
configure:7306: result: yes
configure:7306: checking for inttypes.h
configure:7306: gcc -c -g -O2  conftest.c >&5
configure:7306: $? = 0
configure:7306: result: yes
configure:7306: checking for stdint.h
configure:7306: gcc -c -g -O2  conftest.c >&5
configure:7306: $? = 0
configure:7306: result: yes
configure:7306: checking for unistd.h
configure:7306: gcc -c -g -O2  conftest.c >&5
configure:7306: $? = 0
configure:7306: result: yes
configure:7320: checking for dlfcn.h
configure:7320: gcc -c -g -O2  conftest.c >&5
configure:7320: $? = 0
configure:7320: result: yes
configure:7526: checking for objdir
configure:7541: result: .libs
configure:7812: checking if gcc supports -fno-rtti -fno-exceptions
configure:7830: gcc -c -g -O2  -fno-rtti -fno-exceptions conftest.c >&5
cc1: warning: command line option '-fno-rtti' is valid for C++/ObjC++ but not for C [enabled by default]
configure:7834: $? = 0
configure:7847: result: no
configure:8174: checking for gcc option to produce PIC
configure:8181: result: -fPIC -DPIC
configure:8189: checking if gcc PIC flag -fPIC -DPIC works
configure:8207: gcc -c -g -O2  -fPIC -DPIC -DPIC conftest.c >&5
configure:8211: $? = 0
configure:8224: result: yes
configure:8253: checking if gcc static flag -static works
configure:8281: result: yes
configure:8296: checking if gcc supports -c -o file.o
configure:8317: gcc -c -g -O2  -o out/conftest2.o conftest.c >&5
configure:8321: $? = 0
configure:8343: result: yes
configure:8351: checking if gcc supports -c -o file.o
configure:8398: result: yes
configure:8431: checking whether the gcc linker (/usr/bin/ld -m elf_x86_64) supports shared libraries
configure:9584: result: yes
configure:9621: checking whether -lc should be explicitly linked in
configure:9629: gcc -c -g -O2  conftest.c >&5
configure:9632: $? = 0
configure:9647: gcc -shared  -fPIC -DPIC conftest.o  -v -Wl,-soname -Wl,conftest -o conftest 2\>\&1 \| /bin/grep  -lc  \>/dev/null 2\>\&1
configure:9650: $? = 0
configure:9664: result: no
configure:9824: checking dynamic linker characteristics
configure:10335: gcc -o conftest -g -O2   -Wl,-rpath -Wl,/foo conftest.c  >&5
configure:10335: $? = 0
configure:10557: result: GNU/Linux ld.so
configure:10664: checking how to hardcode library paths into programs
configure:10689: result: immediate
configure:11229: checking whether stripping libraries is possible
configure:11234: result: yes
configure:11269: checking if libtool supports shared libraries
configure:11271: result: yes
configure:11274: checking whether to build shared libraries
configure:11295: result: yes
configure:11298: checking whether to build static libraries
configure:11302: result: yes
configure:11387: checking for gcc
configure:11414: result: gcc
configure:11643: checking for C compiler version
configure:11652: gcc --version >&5
gcc (Ubuntu/Linaro 4.6.3-1ubuntu5) 4.6.3
Copyright (C) 2011 Free Software Foundation, Inc.
This is free software; see the source for copying conditions.  There is NO
warranty; not even for MERCHANTABILITY or FITNESS FOR A PARTICULAR PURPOSE.

configure:11663: $? = 0
configure:11652: gcc -v >&5
Using built-in specs.
COLLECT_GCC=gcc
COLLECT_LTO_WRAPPER=/usr/lib/gcc/x86_64-linux-gnu/4.6/lto-wrapper
Target: x86_64-linux-gnu
Configured with: ../src/configure -v --with-pkgversion='Ubuntu/Linaro 4.6.3-1ubuntu5' --with-bugurl=file:///usr/share/doc/gcc-4.6/README.Bugs --enable-languages=c,c++,fortran,objc,obj-c++ --prefix=/usr --program-suffix=-4.6 --enable-shared --enable-linker-build-id --with-system-zlib --libexecdir=/usr/lib --without-included-gettext --enable-threads=posix --with-gxx-include-dir=/usr/include/c++/4.6 --libdir=/usr/lib --enable-nls --with-sysroot=/ --enable-clocale=gnu --enable-libstdcxx-debug --enable-libstdcxx-time=yes --enable-gnu-unique-object --enable-plugin --enable-objc-gc --disable-werror --with-arch-32=i686 --with-tune=generic --enable-checking=release --build=x86_64-linux-gnu --host=x86_64-linux-gnu --target=x86_64-linux-gnu
Thread model: posix
gcc version 4.6.3 (Ubuntu/Linaro 4.6.3-1ubuntu5) 
configure:11663: $? = 0
configure:11652: gcc -V >&5
gcc: error: unrecognized option '-V'
gcc: fatal error: no input files
compilation terminated.
configure:11663: $? = 4
configure:11652: gcc -qversion >&5
gcc: error: unrecognized option '-qversion'
gcc: fatal error: no input files
compilation terminated.
configure:11663: $? = 4
configure:11667: checking whether we are using the GNU C compiler
configure:11695: result: yes
configure:11704: checking whether gcc accepts -g
configure:11765: result: yes
configure:11782: checking for gcc option to accept ISO C89
configure:11859: result: none needed
configure:11881: checking dependency style of gcc
configure:11992: result: gcc3
configure:12009: checking whether gcc and cc understand -c and -o together
configure:12040: gcc -c conftest.c -o conftest2.o >&5
configure:12044: $? = 0
configure:12050: gcc -c conftest.c -o conftest2.o >&5
configure:12054: $? = 0
configure:12065: cc -c conftest.c >&5
configure:12069: $? = 0
configure:12077: cc -c conftest.c -o conftest2.o >&5
configure:12081: $? = 0
configure:12087: cc -c conftest.c -o conftest2.o >&5
configure:12091: $? = 0
configure:12109: result: yes
configure:12197: checking for fork
configure:12197: gcc -o conftest -Wall -W -Wno-sign-compare -Wstrict-prototypes -Wmissing-declarations -Wwrite-strings -g -O2 -fno-strict-aliasing   conftest.c  >&5
conftest.c:46:1: warning: function declaration isn't a prototype [-Wstrict-prototypes]
conftest.c:46:6: warning: conflicting types for built-in function 'fork' [enabled by default]
conftest.c:55:1: warning: function declaration isn't a prototype [-Wstrict-prototypes]
configure:12197: $? = 0
configure:12197: result: yes
configure:12197: checking for setxattr
configure:12197: gcc -o conftest -Wall -W -Wno-sign-compare -Wstrict-prototypes -Wmissing-declarations -Wwrite-strings -g -O2 -fno-strict-aliasing   conftest.c  >&5
conftest.c:47:1: warning: function declaration isn't a prototype [-Wstrict-prototypes]
conftest.c:56:1: warning: function declaration isn't a prototype [-Wstrict-prototypes]
configure:12197: $? = 0
configure:12197: result: yes
configure:12197: checking for fdatasync
configure:12197: gcc -o conftest -Wall -W -Wno-sign-compare -Wstrict-prototypes -Wmissing-declarations -Wwrite-strings -g -O2 -fno-strict-aliasing   conftest.c  >&5
conftest.c:48:1: warning: function declaration isn't a prototype [-Wstrict-prototypes]
conftest.c:57:1: warning: function declaration isn't a prototype [-Wstrict-prototypes]
configure:12197: $? = 0
configure:12197: result: yes
configure:12197: checking for splice
configure:12197: gcc -o conftest -Wall -W -Wno-sign-compare -Wstrict-prototypes -Wmissing-declarations -Wwrite-strings -g -O2 -fno-strict-aliasing   conftest.c  >&5
conftest.c:49:1: warning: function declaration isn't a prototype [-Wstrict-prototypes]
conftest.c:58:1: warning: function declaration isn't a prototype [-Wstrict-prototypes]
configure:12197: $? = 0
configure:12197: result: yes
configure:12197: checking for vmsplice
configure:12197: gcc -o conftest -Wall -W -Wno-sign-compare -Wstrict-prototypes -Wmissing-declarations -Wwrite-strings -g -O2 -fno-strict-aliasing   conftest.c  >&5
conftest.c:50:1: warning: function declaration isn't a prototype [-Wstrict-prototypes]
conftest.c:59:1: warning: function declaration isn't a prototype [-Wstrict-prototypes]
configure:12197: $? = 0
configure:12197: result: yes
configure:12197: checking for utimensat
configure:12197: gcc -o conftest -Wall -W -Wno-sign-compare -Wstrict-prototypes -Wmissing-declarations -Wwrite-strings -g -O2 -fno-strict-aliasing   conftest.c  >&5
conftest.c:51:1: warning: function declaration isn't a prototype [-Wstrict-prototypes]
conftest.c:60:1: warning: function declaration isn't a prototype [-Wstrict-prototypes]
configure:12197: $? = 0
configure:12197: result: yes
configure:12208: checking for posix_fallocate
configure:12208: gcc -o conftest -Wall -W -Wno-sign-compare -Wstrict-prototypes -Wmissing-declarations -Wwrite-strings -g -O2 -fno-strict-aliasing   conftest.c  >&5
conftest.c:52:1: warning: function declaration isn't a prototype [-Wstrict-prototypes]
conftest.c:61:1: warning: function declaration isn't a prototype [-Wstrict-prototypes]
configure:12208: $? = 0
configure:12208: result: yes
configure:12217: checking for struct stat.st_atim
configure:12217: gcc -c -Wall -W -Wno-sign-compare -Wstrict-prototypes -Wmissing-declarations -Wwrite-strings -g -O2 -fno-strict-aliasing  conftest.c >&5
conftest.c:64:1: warning: function declaration isn't a prototype [-Wstrict-prototypes]
conftest.c: In function 'main':
conftest.c:67:5: error: used struct type value where scalar is required
conftest.c:66:20: warning: variable 'ac_aggr' set but not used [-Wunused-but-set-variable]
configure:12217: $? = 1
configure: failed program was:
| /* confdefs.h */
| #define PACKAGE_NAME "fuse"
| #define PACKAGE_TARNAME "fuse"
| #define PACKAGE_VERSION "2.9.3"
| #define PACKAGE_STRING "fuse 2.9.3"
| #define PACKAGE_BUGREPORT ""
| #define PACKAGE_URL ""
| #define PACKAGE "fuse"
| #define VERSION "2.9.3"
| #define STDC_HEADERS 1
| #define HAVE_SYS_TYPES_H 1
| #define HAVE_SYS_STAT_H 1
| #define HAVE_STDLIB_H 1
| #define HAVE_STRING_H 1
| #define HAVE_MEMORY_H 1
| #define HAVE_STRINGS_H 1
| #define HAVE_INTTYPES_H 1
| #define HAVE_STDINT_H 1
| #define HAVE_UNISTD_H 1
| #define HAVE_DLFCN_H 1
| #define LT_OBJDIR ".libs/"
| #define HAVE_FORK 1
| #define HAVE_SETXATTR 1
| #define HAVE_FDATASYNC 1
| #define HAVE_SPLICE 1
| #define HAVE_VMSPLICE 1
| #define HAVE_UTIMENSAT 1
| #define HAVE_POSIX_FALLOCATE 1
| /* end confdefs.h.  */
| #include <stdio.h>
| #ifdef HAVE_SYS_TYPES_H
| # include <sys/types.h>
| #endif
| #ifdef HAVE_SYS_STAT_H
| # include <sys/stat.h>
| #endif
| #ifdef STDC_HEADERS
| # include <stdlib.h>
| # include <stddef.h>
| #else
| # ifdef HAVE_STDLIB_H
| #  include <stdlib.h>
| # endif
| #endif
| #ifdef HAVE_STRING_H
| # if !defined STDC_HEADERS && defined HAVE_MEMORY_H
| #  include <memory.h>
| # endif
| # include <string.h>
| #endif
| #ifdef HAVE_STRINGS_H
| # include <strings.h>
| #endif
| #ifdef HAVE_INTTYPES_H
| # include <inttypes.h>
| #endif
| #ifdef HAVE_STDINT_H
| # include <stdint.h>
| #endif
| #ifdef HAVE_UNISTD_H
| # include <unistd.h>
| #endif
| int
| main ()
| {
| static struct stat ac_aggr;
| if (ac_aggr.st_atim)
| return 0;
|   ;
|   return 0;
| }
configure:12217: gcc -c -Wall -W -Wno-sign-compare -Wstrict-prototypes -Wmissing-declarations -Wwrite-strings -g -O2 -fno-strict-aliasing  conftest.c >&5
conftest.c:64:1: warning: function declaration isn't a prototype [-Wstrict-prototypes]
configure:12217: $? = 0
configure:12217: result: yes
configure:12227: checking for struct stat.st_atimespec
configure:12227: gcc -c -Wall -W -Wno-sign-compare -Wstrict-prototypes -Wmissing-declarations -Wwrite-strings -g -O2 -fno-strict-aliasing  conftest.c >&5
conftest.c:65:1: warning: function declaration isn't a prototype [-Wstrict-prototypes]
conftest.c: In function 'main':
conftest.c:68:12: error: 'struct stat' has no member named 'st_atimespec'
conftest.c:67:20: warning: variable 'ac_aggr' set but not used [-Wunused-but-set-variable]
configure:12227: $? = 1
configure: failed program was:
| /* confdefs.h */
| #define PACKAGE_NAME "fuse"
| #define PACKAGE_TARNAME "fuse"
| #define PACKAGE_VERSION "2.9.3"
| #define PACKAGE_STRING "fuse 2.9.3"
| #define PACKAGE_BUGREPORT ""
| #define PACKAGE_URL ""
| #define PACKAGE "fuse"
| #define VERSION "2.9.3"
| #define STDC_HEADERS 1
| #define HAVE_SYS_TYPES_H 1
| #define HAVE_SYS_STAT_H 1
| #define HAVE_STDLIB_H 1
| #define HAVE_STRING_H 1
| #define HAVE_MEMORY_H 1
| #define HAVE_STRINGS_H 1
| #define HAVE_INTTYPES_H 1
| #define HAVE_STDINT_H 1
| #define HAVE_UNISTD_H 1
| #define HAVE_DLFCN_H 1
| #define LT_OBJDIR ".libs/"
| #define HAVE_FORK 1
| #define HAVE_SETXATTR 1
| #define HAVE_FDATASYNC 1
| #define HAVE_SPLICE 1
| #define HAVE_VMSPLICE 1
| #define HAVE_UTIMENSAT 1
| #define HAVE_POSIX_FALLOCATE 1
| #define HAVE_STRUCT_STAT_ST_ATIM 1
| /* end confdefs.h.  */
| #include <stdio.h>
| #ifdef HAVE_SYS_TYPES_H
| # include <sys/types.h>
| #endif
| #ifdef HAVE_SYS_STAT_H
| # include <sys/stat.h>
| #endif
| #ifdef STDC_HEADERS
| # include <stdlib.h>
| # include <stddef.h>
| #else
| # ifdef HAVE_STDLIB_H
| #  include <stdlib.h>
| # endif
| #endif
| #ifdef HAVE_STRING_H
| # if !defined STDC_HEADERS && defined HAVE_MEMORY_H
| #  include <memory.h>
| # endif
| # include <string.h>
| #endif
| #ifdef HAVE_STRINGS_H
| # include <strings.h>
| #endif
| #ifdef HAVE_INTTYPES_H
| # include <inttypes.h>
| #endif
| #ifdef HAVE_STDINT_H
| # include <stdint.h>
| #endif
| #ifdef HAVE_UNISTD_H
| # include <unistd.h>
| #endif
| int
| main ()
| {
| static struct stat ac_aggr;
| if (ac_aggr.st_atimespec)
| return 0;
|   ;
|   return 0;
| }
configure:12227: gcc -c -Wall -W -Wno-sign-compare -Wstrict-prototypes -Wmissing-declarations -Wwrite-strings -g -O2 -fno-strict-aliasing  conftest.c >&5
conftest.c:65:1: warning: function declaration isn't a prototype [-Wstrict-prototypes]
conftest.c: In function 'main':
conftest.c:68:19: error: 'struct stat' has no member named 'st_atimespec'
conftest.c:67:20: warning: variable 'ac_aggr' set but not used [-Wunused-but-set-variable]
configure:12227: $? = 1
configure: failed program was:
| /* confdefs.h */
| #define PACKAGE_NAME "fuse"
| #define PACKAGE_TARNAME "fuse"
| #define PACKAGE_VERSION "2.9.3"
| #define PACKAGE_STRING "fuse 2.9.3"
| #define PACKAGE_BUGREPORT ""
| #define PACKAGE_URL ""
| #define PACKAGE "fuse"
| #define VERSION "2.9.3"
| #define STDC_HEADERS 1
| #define HAVE_SYS_TYPES_H 1
| #define HAVE_SYS_STAT_H 1
| #define HAVE_STDLIB_H 1
| #define HAVE_STRING_H 1
| #define HAVE_MEMORY_H 1
| #define HAVE_STRINGS_H 1
| #define HAVE_INTTYPES_H 1
| #define HAVE_STDINT_H 1
| #define HAVE_UNISTD_H 1
| #define HAVE_DLFCN_H 1
| #define LT_OBJDIR ".libs/"
| #define HAVE_FORK 1
| #define HAVE_SETXATTR 1
| #define HAVE_FDATASYNC 1
| #define HAVE_SPLICE 1
| #define HAVE_VMSPLICE 1
| #define HAVE_UTIMENSAT 1
| #define HAVE_POSIX_FALLOCATE 1
| #define HAVE_STRUCT_STAT_ST_ATIM 1
| /* end confdefs.h.  */
| #include <stdio.h>
| #ifdef HAVE_SYS_TYPES_H
| # include <sys/types.h>
| #endif
| #ifdef HAVE_SYS_STAT_H
| # include <sys/stat.h>
| #endif
| #ifdef STDC_HEADERS
| # include <stdlib.h>
| # include <stddef.h>
| #else
| # ifdef HAVE_STDLIB_H
| #  include <stdlib.h>
| # endif
| #endif
| #ifdef HAVE_STRING_H
| # if !defined STDC_HEADERS && defined HAVE_MEMORY_H
| #  include <memory.h>
| # endif
| # include <string.h>
| #endif
| #ifdef HAVE_STRINGS_H
| # include <strings.h>
| #endif
| #ifdef HAVE_INTTYPES_H
| # include <inttypes.h>
| #endif
| #ifdef HAVE_STDINT_H
| # include <stdint.h>
| #endif
| #ifdef HAVE_UNISTD_H
| # include <unistd.h>
| #endif
| int
| main ()
| {
| static struct stat ac_aggr;
| if (sizeof ac_aggr.st_atimespec)
| return 0;
|   ;
|   return 0;
| }
configure:12227: result: no
configure:12239: checking for library containing dlopen
configure:12270: gcc -o conftest -Wall -W -Wno-sign-compare -Wstrict-prototypes -Wmissing-declarations -Wwrite-strings -g -O2 -fno-strict-aliasing   conftest.c  >&5
conftest.c:38:1: warning: function declaration isn't a prototype [-Wstrict-prototypes]
conftest.c:40:1: warning: function declaration isn't a prototype [-Wstrict-prototypes]
/tmp/cc7WaTTZ.o: In function `main':
/home/ksaur/AY1415/kvolve_git_repo/target_programs/fuse-2.9.3/conftest.c:42: undefined reference to `dlopen'
collect2: ld returned 1 exit status
configure:12270: $? = 1
configure: failed program was:
| /* confdefs.h */
| #define PACKAGE_NAME "fuse"
| #define PACKAGE_TARNAME "fuse"
| #define PACKAGE_VERSION "2.9.3"
| #define PACKAGE_STRING "fuse 2.9.3"
| #define PACKAGE_BUGREPORT ""
| #define PACKAGE_URL ""
| #define PACKAGE "fuse"
| #define VERSION "2.9.3"
| #define STDC_HEADERS 1
| #define HAVE_SYS_TYPES_H 1
| #define HAVE_SYS_STAT_H 1
| #define HAVE_STDLIB_H 1
| #define HAVE_STRING_H 1
| #define HAVE_MEMORY_H 1
| #define HAVE_STRINGS_H 1
| #define HAVE_INTTYPES_H 1
| #define HAVE_STDINT_H 1
| #define HAVE_UNISTD_H 1
| #define HAVE_DLFCN_H 1
| #define LT_OBJDIR ".libs/"
| #define HAVE_FORK 1
| #define HAVE_SETXATTR 1
| #define HAVE_FDATASYNC 1
| #define HAVE_SPLICE 1
| #define HAVE_VMSPLICE 1
| #define HAVE_UTIMENSAT 1
| #define HAVE_POSIX_FALLOCATE 1
| #define HAVE_STRUCT_STAT_ST_ATIM 1
| /* end confdefs.h.  */
| 
| /* Override any GCC internal prototype to avoid an error.
|    Use char because int might match the return type of a GCC
|    builtin and then its argument prototype would still apply.  */
| #ifdef __cplusplus
| extern "C"
| #endif
| char dlopen ();
| int
| main ()
| {
| return dlopen ();
|   ;
|   return 0;
| }
configure:12270: gcc -o conftest -Wall -W -Wno-sign-compare -Wstrict-prototypes -Wmissing-declarations -Wwrite-strings -g -O2 -fno-strict-aliasing   conftest.c -ldl   >&5
conftest.c:38:1: warning: function declaration isn't a prototype [-Wstrict-prototypes]
conftest.c:40:1: warning: function declaration isn't a prototype [-Wstrict-prototypes]
configure:12270: $? = 0
configure:12287: result: -ldl
configure:12295: checking for library containing clock_gettime
configure:12326: gcc -o conftest -Wall -W -Wno-sign-compare -Wstrict-prototypes -Wmissing-declarations -Wwrite-strings -g -O2 -fno-strict-aliasing   conftest.c -ldl  >&5
conftest.c:38:1: warning: function declaration isn't a prototype [-Wstrict-prototypes]
conftest.c:40:1: warning: function declaration isn't a prototype [-Wstrict-prototypes]
/tmp/ccTOPUKT.o: In function `main':
/home/ksaur/AY1415/kvolve_git_repo/target_programs/fuse-2.9.3/conftest.c:42: undefined reference to `clock_gettime'
collect2: ld returned 1 exit status
configure:12326: $? = 1
configure: failed program was:
| /* confdefs.h */
| #define PACKAGE_NAME "fuse"
| #define PACKAGE_TARNAME "fuse"
| #define PACKAGE_VERSION "2.9.3"
| #define PACKAGE_STRING "fuse 2.9.3"
| #define PACKAGE_BUGREPORT ""
| #define PACKAGE_URL ""
| #define PACKAGE "fuse"
| #define VERSION "2.9.3"
| #define STDC_HEADERS 1
| #define HAVE_SYS_TYPES_H 1
| #define HAVE_SYS_STAT_H 1
| #define HAVE_STDLIB_H 1
| #define HAVE_STRING_H 1
| #define HAVE_MEMORY_H 1
| #define HAVE_STRINGS_H 1
| #define HAVE_INTTYPES_H 1
| #define HAVE_STDINT_H 1
| #define HAVE_UNISTD_H 1
| #define HAVE_DLFCN_H 1
| #define LT_OBJDIR ".libs/"
| #define HAVE_FORK 1
| #define HAVE_SETXATTR 1
| #define HAVE_FDATASYNC 1
| #define HAVE_SPLICE 1
| #define HAVE_VMSPLICE 1
| #define HAVE_UTIMENSAT 1
| #define HAVE_POSIX_FALLOCATE 1
| #define HAVE_STRUCT_STAT_ST_ATIM 1
| /* end confdefs.h.  */
| 
| /* Override any GCC internal prototype to avoid an error.
|    Use char because int might match the return type of a GCC
|    builtin and then its argument prototype would still apply.  */
| #ifdef __cplusplus
| extern "C"
| #endif
| char clock_gettime ();
| int
| main ()
| {
| return clock_gettime ();
|   ;
|   return 0;
| }
configure:12326: gcc -o conftest -Wall -W -Wno-sign-compare -Wstrict-prototypes -Wmissing-declarations -Wwrite-strings -g -O2 -fno-strict-aliasing   conftest.c -lrt  -ldl  >&5
conftest.c:38:1: warning: function declaration isn't a prototype [-Wstrict-prototypes]
conftest.c:40:1: warning: function declaration isn't a prototype [-Wstrict-prototypes]
configure:12326: $? = 0
configure:12343: result: -lrt
configure:12404: checking for ld used by GCC
configure:12468: result: /usr/bin/ld -m elf_x86_64
configure:12475: checking if the linker (/usr/bin/ld -m elf_x86_64) is GNU ld
configure:12488: result: yes
configure:12495: checking for shared library run path origin
configure:12508: result: done
configure:13086: checking for iconv
configure:13108: gcc -o conftest -Wall -W -Wno-sign-compare -Wstrict-prototypes -Wmissing-declarations -Wwrite-strings -g -O2 -fno-strict-aliasing   conftest.c  >&5
conftest.c:34:1: warning: function declaration isn't a prototype [-Wstrict-prototypes]
configure:13108: $? = 0
configure:13140: result: yes
configure:13143: checking for working iconv
configure:13238: gcc -o conftest -Wall -W -Wno-sign-compare -Wstrict-prototypes -Wmissing-declarations -Wwrite-strings -g -O2 -fno-strict-aliasing   conftest.c  >&5
conftest.c:34:5: warning: function declaration isn't a prototype [-Wstrict-prototypes]
configure:13238: $? = 0
configure:13238: ./conftest
configure:13238: $? = 0
configure:13250: result: yes
configure:13278: checking for iconv declaration
configure:13307: gcc -c -Wall -W -Wno-sign-compare -Wstrict-prototypes -Wmissing-declarations -Wwrite-strings -g -O2 -fno-strict-aliasing  conftest.c >&5
conftest.c:46:1: warning: function declaration isn't a prototype [-Wstrict-prototypes]
configure:13307: $? = 0
configure:13318: result:
         extern size_t iconv (iconv_t cd, char * *inbuf, size_t *inbytesleft, char * *outbuf, size_t *outbytesleft);
configure:13381: checking if umount supports --fake --no-canonicalize
configure:13386: result: yes
configure:13553: creating ./config.status

## ---------------- ##
## Cache variables. ##
## ---------------- ##

ac_cv_build=x86_64-unknown-linux-gnu
ac_cv_c_compiler_gnu=yes
ac_cv_env_CC_set=
ac_cv_env_CC_value=
ac_cv_env_CFLAGS_set=
ac_cv_env_CFLAGS_value=
ac_cv_env_CPPFLAGS_set=
ac_cv_env_CPPFLAGS_value=
ac_cv_env_CPP_set=
ac_cv_env_CPP_value=
ac_cv_env_LDFLAGS_set=
ac_cv_env_LDFLAGS_value=
ac_cv_env_LIBS_set=
ac_cv_env_LIBS_value=
ac_cv_env_build_alias_set=
ac_cv_env_build_alias_value=
ac_cv_env_host_alias_set=
ac_cv_env_host_alias_value=
ac_cv_env_target_alias_set=
ac_cv_env_target_alias_value=
ac_cv_func_fdatasync=yes
ac_cv_func_fork=yes
ac_cv_func_posix_fallocate=yes
ac_cv_func_setxattr=yes
ac_cv_func_splice=yes
ac_cv_func_utimensat=yes
ac_cv_func_vmsplice=yes
ac_cv_header_dlfcn_h=yes
ac_cv_header_inttypes_h=yes
ac_cv_header_memory_h=yes
ac_cv_header_stdc=yes
ac_cv_header_stdint_h=yes
ac_cv_header_stdlib_h=yes
ac_cv_header_string_h=yes
ac_cv_header_strings_h=yes
ac_cv_header_sys_stat_h=yes
ac_cv_header_sys_types_h=yes
ac_cv_header_unistd_h=yes
ac_cv_host=x86_64-unknown-linux-gnu
ac_cv_member_struct_stat_st_atim=yes
ac_cv_member_struct_stat_st_atimespec=no
ac_cv_objext=o
ac_cv_path_EGREP='/bin/grep -E'
ac_cv_path_FGREP='/bin/grep -F'
ac_cv_path_GREP=/bin/grep
ac_cv_path_SED=/bin/sed
ac_cv_path_install='/usr/bin/install -c'
ac_cv_path_mkdir=/bin/mkdir
ac_cv_prog_AWK=gawk
ac_cv_prog_CPP='gcc -E'
ac_cv_prog_ac_ct_AR=ar
ac_cv_prog_ac_ct_CC=gcc
ac_cv_prog_ac_ct_MANIFEST_TOOL=mt
ac_cv_prog_ac_ct_OBJDUMP=objdump
ac_cv_prog_ac_ct_RANLIB=ranlib
ac_cv_prog_ac_ct_STRIP=strip
ac_cv_prog_cc_c89=
ac_cv_prog_cc_g=yes
ac_cv_prog_cc_gcc_c_o=yes
ac_cv_prog_make_make_set=yes
ac_cv_search_clock_gettime=-lrt
ac_cv_search_dlopen=-ldl
ac_cv_target=x86_64-unknown-linux-gnu
acl_cv_hardcode_direct=no
acl_cv_hardcode_libdir_flag_spec='${wl}-rpath ${wl}$libdir'
acl_cv_hardcode_libdir_separator=
acl_cv_hardcode_minus_L=no
acl_cv_libext=a
acl_cv_libname_spec='lib$name'
acl_cv_library_names_spec='$libname$shrext'
acl_cv_path_LD='/usr/bin/ld -m elf_x86_64'
acl_cv_prog_gnu_ld=yes
acl_cv_rpath=done
acl_cv_shlibext=so
acl_cv_wl=-Wl,
am_cv_CC_dependencies_compiler_type=gcc3
am_cv_func_iconv=yes
am_cv_func_iconv_works=yes
am_cv_lib_iconv=no
am_cv_make_support_nested_variables=yes
am_cv_proto_iconv='extern size_t iconv (iconv_t cd, char * *inbuf, size_t *inbytesleft, char * *outbuf, size_t *outbytesleft);'
am_cv_proto_iconv_arg1=
lt_cv_ar_at_file=@
lt_cv_archive_cmds_need_lc=no
lt_cv_deplibs_check_method=pass_all
lt_cv_file_magic_cmd='$MAGIC_CMD'
lt_cv_file_magic_test_file=
lt_cv_ld_reload_flag=-r
lt_cv_nm_interface='BSD nm'
lt_cv_objdir=.libs
lt_cv_path_LD=/usr/bin/ld
lt_cv_path_NM='/usr/bin/nm -B'
lt_cv_path_mainfest_tool=no
lt_cv_prog_compiler_c_o=yes
lt_cv_prog_compiler_pic='-fPIC -DPIC'
lt_cv_prog_compiler_pic_works=yes
lt_cv_prog_compiler_rtti_exceptions=no
lt_cv_prog_compiler_static_works=yes
lt_cv_prog_gnu_ld=yes
lt_cv_sharedlib_from_linklib_cmd='printf %s\n'
lt_cv_shlibpath_overrides_runpath=no
lt_cv_sys_global_symbol_pipe='sed -n -e '\''s/^.*[	 ]\([ABCDGIRSTW][ABCDGIRSTW]*\)[	 ][	 ]*\([_A-Za-z][_A-Za-z0-9]*\)$/\1 \2 \2/p'\'' | sed '\''/ __gnu_lto/d'\'''
lt_cv_sys_global_symbol_to_c_name_address='sed -n -e '\''s/^: \([^ ]*\)[ ]*$/  {\"\1\", (void *) 0},/p'\'' -e '\''s/^[ABCDGIRSTW]* \([^ ]*\) \([^ ]*\)$/  {"\2", (void *) \&\2},/p'\'''
lt_cv_sys_global_symbol_to_c_name_address_lib_prefix='sed -n -e '\''s/^: \([^ ]*\)[ ]*$/  {\"\1\", (void *) 0},/p'\'' -e '\''s/^[ABCDGIRSTW]* \([^ ]*\) \(lib[^ ]*\)$/  {"\2", (void *) \&\2},/p'\'' -e '\''s/^[ABCDGIRSTW]* \([^ ]*\) \([^ ]*\)$/  {"lib\2", (void *) \&\2},/p'\'''
lt_cv_sys_global_symbol_to_cdecl='sed -n -e '\''s/^T .* \(.*\)$/extern int \1();/p'\'' -e '\''s/^[ABCDGIRSTW]* .* \(.*\)$/extern char \1;/p'\'''
lt_cv_sys_max_cmd_len=3458764513820540925
lt_cv_to_host_file_cmd=func_convert_file_noop
lt_cv_to_tool_file_cmd=func_convert_file_noop

## ----------------- ##
## Output variables. ##
## ----------------- ##

ACLOCAL='${SHELL} /home/ksaur/AY1415/kvolve_git_repo/target_programs/fuse-2.9.3/missing --run aclocal-1.11'
AMDEPBACKSLASH='\'
AMDEP_FALSE='#'
AMDEP_TRUE=''
AMTAR='$${TAR-tar}'
AM_BACKSLASH='\'
AM_DEFAULT_V='$(AM_DEFAULT_VERBOSITY)'
AM_DEFAULT_VERBOSITY='0'
AM_V='$(V)'
AR='ar'
AUTOCONF='${SHELL} /home/ksaur/AY1415/kvolve_git_repo/target_programs/fuse-2.9.3/missing --run autoconf'
AUTOHEADER='${SHELL} /home/ksaur/AY1415/kvolve_git_repo/target_programs/fuse-2.9.3/missing --run autoheader'
AUTOMAKE='${SHELL} /home/ksaur/AY1415/kvolve_git_repo/target_programs/fuse-2.9.3/missing --run automake-1.11'
AWK='gawk'
BSD_FALSE=''
BSD_TRUE='#'
CC='gcc'
CCDEPMODE='depmode=gcc3'
CFLAGS='-Wall -W -Wno-sign-compare -Wstrict-prototypes -Wmissing-declarations -Wwrite-strings -g -O2 -fno-strict-aliasing'
CPP='gcc -E'
CPPFLAGS=''
CYGPATH_W='echo'
DEFS='-DHAVE_CONFIG_H'
DEPDIR='.deps'
DLLTOOL='false'
DSYMUTIL=''
DUMPBIN=''
ECHO_C=''
ECHO_N='-n'
ECHO_T=''
EGREP='/bin/grep -E'
EXEEXT=''
FGREP='/bin/grep -F'
GREP='/bin/grep'
ICONV_FALSE='#'
ICONV_TRUE=''
INIT_D_PATH='/etc/init.d'
INSTALL_DATA='${INSTALL} -m 644'
INSTALL_PROGRAM='${INSTALL}'
INSTALL_SCRIPT='${INSTALL}'
INSTALL_STRIP_PROGRAM='$(install_sh) -c -s'
LD='/usr/bin/ld -m elf_x86_64'
LDFLAGS=''
LIBICONV=''
LIBOBJS=''
LIBS=''
LIBTOOL='$(SHELL) $(top_builddir)/libtool'
LINUX_FALSE='#'
LINUX_TRUE=''
LIPO=''
LN_S='ln -s'
LTLIBICONV=''
LTLIBOBJS=''
MAKEINFO='${SHELL} /home/ksaur/AY1415/kvolve_git_repo/target_programs/fuse-2.9.3/missing --run makeinfo'
MANIFEST_TOOL=':'
MKDIR_P='/bin/mkdir -p'
MOUNT_FUSE_PATH='/sbin'
NETBSD_FALSE=''
NETBSD_TRUE='#'
NM='/usr/bin/nm -B'
NMEDIT=''
OBJDUMP='objdump'
OBJEXT='o'
OTOOL64=''
OTOOL=''
PACKAGE='fuse'
PACKAGE_BUGREPORT=''
PACKAGE_NAME='fuse'
PACKAGE_STRING='fuse 2.9.3'
PACKAGE_TARNAME='fuse'
PACKAGE_URL=''
PACKAGE_VERSION='2.9.3'
PATH_SEPARATOR=':'
RANLIB='ranlib'
SED='/bin/sed'
SET_MAKE=''
SHELL='/bin/bash'
STRIP='strip'
UDEV_RULES_PATH='/etc/udev/rules.d'
VERSION='2.9.3'
ac_ct_AR='ar'
ac_ct_CC='gcc'
ac_ct_DUMPBIN=''
am__EXEEXT_FALSE=''
am__EXEEXT_TRUE='#'
am__fastdepCC_FALSE='#'
am__fastdepCC_TRUE=''
am__include='include'
am__isrc=''
am__leading_dot='.'
am__nodep='_no'
am__quote=''
am__tar='$${TAR-tar} chof - "$$tardir"'
am__untar='$${TAR-tar} xf -'
bindir='${exec_prefix}/bin'
build='x86_64-unknown-linux-gnu'
build_alias=''
build_cpu='x86_64'
build_os='linux-gnu'
build_vendor='unknown'
datadir='${datarootdir}'
datarootdir='${prefix}/share'
docdir='${datarootdir}/doc/${PACKAGE_TARNAME}'
dvidir='${docdir}'
exec_prefix='${prefix}'
host='x86_64-unknown-linux-gnu'
host_alias=''
host_cpu='x86_64'
host_os='linux-gnu'
host_vendor='unknown'
htmldir='${docdir}'
includedir='${prefix}/include'
infodir='${datarootdir}/info'
install_sh='${SHELL} /home/ksaur/AY1415/kvolve_git_repo/target_programs/fuse-2.9.3/install-sh'
libdir='${exec_prefix}/lib'
libexecdir='${exec_prefix}/libexec'
libfuse_libs='-lrt -ldl  '
localedir='${datarootdir}/locale'
localstatedir='${prefix}/var'
mandir='${datarootdir}/man'
mkdir_p='/bin/mkdir -p'
oldincludedir='/usr/include'
pdfdir='${docdir}'
pkgconfigdir='${libdir}/pkgconfig'
prefix='/usr/local'
program_transform_name='s,x,x,'
psdir='${docdir}'
sbindir='${exec_prefix}/sbin'
sharedstatedir='${prefix}/com'
subdirs2='include lib util example'
sysconfdir='${prefix}/etc'
target='x86_64-unknown-linux-gnu'
target_alias=''
target_cpu='x86_64'
target_os='linux-gnu'
target_vendor='unknown'

## ----------- ##
## confdefs.h. ##
## ----------- ##

/* confdefs.h */
#define PACKAGE_NAME "fuse"
#define PACKAGE_TARNAME "fuse"
#define PACKAGE_VERSION "2.9.3"
#define PACKAGE_STRING "fuse 2.9.3"
#define PACKAGE_BUGREPORT ""
#define PACKAGE_URL ""
#define PACKAGE "fuse"
#define VERSION "2.9.3"
#define STDC_HEADERS 1
#define HAVE_SYS_TYPES_H 1
#define HAVE_SYS_STAT_H 1
#define HAVE_STDLIB_H 1
#define HAVE_STRING_H 1
#define HAVE_MEMORY_H 1
#define HAVE_STRINGS_H 1
#define HAVE_INTTYPES_H 1
#define HAVE_STDINT_H 1
#define HAVE_UNISTD_H 1
#define HAVE_DLFCN_H 1
#define LT_OBJDIR ".libs/"
#define HAVE_FORK 1
#define HAVE_SETXATTR 1
#define HAVE_FDATASYNC 1
#define HAVE_SPLICE 1
#define HAVE_VMSPLICE 1
#define HAVE_UTIMENSAT 1
#define HAVE_POSIX_FALLOCATE 1
#define HAVE_STRUCT_STAT_ST_ATIM 1
#define HAVE_ICONV 1
#define ICONV_CONST 

configure: exit 0

## ---------------------- ##
## Running config.status. ##
## ---------------------- ##

This file was extended by fuse config.status 2.9.3, which was
generated by GNU Autoconf 2.68.  Invocation command line was

  CONFIG_FILES    = 
  CONFIG_HEADERS  = 
  CONFIG_LINKS    = 
  CONFIG_COMMANDS = 
  $ ./config.status 

on anacronja

config.status:1128: creating fuse.pc
config.status:1128: creating Makefile
config.status:1128: creating lib/Makefile
config.status:1128: creating util/Makefile
config.status:1128: creating example/Makefile
config.status:1128: creating include/Makefile
config.status:1128: creating doc/Makefile
config.status:1128: creating include/config.h
config.status:1309: include/config.h is unchanged
config.status:1357: executing depfiles commands
config.status:1357: executing libtool commands

## ---------------------- ##
## Running config.status. ##
## ---------------------- ##

This file was extended by fuse config.status 2.9.3, which was
generated by GNU Autoconf 2.68.  Invocation command line was

  CONFIG_FILES    = 
  CONFIG_HEADERS  = 
  CONFIG_LINKS    = 
  CONFIG_COMMANDS = 
  $ ./config.status include/config.h

on anacronja

config.status:1128: creating include/config.h
config.status:1309: include/config.h is unchanged
